2006.12.18 01:23 B C:\myDocument\Visual Studio 2005\iT2ec\Admin\aboutus.aspx --> ftp.topone.hk /iT2ec/Admin aboutus.aspx
2006.12.18 01:23 B C:\myDocument\Visual Studio 2005\iT2ec\Admin\aboutus.aspx.vb --> ftp.topone.hk /iT2ec/Admin aboutus.aspx.vb
2006.12.18 01:23 B C:\myDocument\Visual Studio 2005\iT2ec\Admin\Admin.sitemap --> ftp.topone.hk /iT2ec/Admin Admin.sitemap
2006.12.18 01:23 B C:\myDocument\Visual Studio 2005\iT2ec\Admin\admin_products.aspx --> ftp.topone.hk /iT2ec/Admin admin_products.aspx
2006.12.18 01:23 B C:\myDocument\Visual Studio 2005\iT2ec\Admin\admin_products.aspx.vb --> ftp.topone.hk /iT2ec/Admin admin_products.aspx.vb
2006.12.18 01:23 B C:\myDocument\Visual Studio 2005\iT2ec\Admin\changepwd.aspx --> ftp.topone.hk /iT2ec/Admin changepwd.aspx
2006.12.18 01:23 B C:\myDocument\Visual Studio 2005\iT2ec\Admin\changepwd.aspx.vb --> ftp.topone.hk /iT2ec/Admin changepwd.aspx.vb
2006.12.18 01:23 B C:\myDocument\Visual Studio 2005\iT2ec\Admin\ContactUs.aspx --> ftp.topone.hk /iT2ec/Admin ContactUs.aspx
2006.12.18 01:23 B C:\myDocument\Visual Studio 2005\iT2ec\Admin\ContactUs.aspx.vb --> ftp.topone.hk /iT2ec/Admin ContactUs.aspx.vb
2006.12.18 01:23 B C:\myDocument\Visual Studio 2005\iT2ec\Admin\CreateUser.aspx --> ftp.topone.hk /iT2ec/Admin CreateUser.aspx
2006.12.18 01:23 B C:\myDocument\Visual Studio 2005\iT2ec\Admin\CreateUser.aspx.vb --> ftp.topone.hk /iT2ec/Admin CreateUser.aspx.vb
2006.12.18 01:23 B C:\myDocument\Visual Studio 2005\iT2ec\Admin\Default.aspx --> ftp.topone.hk /iT2ec/Admin Default.aspx
2006.12.18 01:23 B C:\myDocument\Visual Studio 2005\iT2ec\Admin\Default.aspx.vb --> ftp.topone.hk /iT2ec/Admin Default.aspx.vb
2006.12.18 01:23 B C:\myDocument\Visual Studio 2005\iT2ec\Admin\Default2.aspx --> ftp.topone.hk /iT2ec/Admin Default2.aspx
2006.12.18 01:23 B C:\myDocument\Visual Studio 2005\iT2ec\Admin\DeletedUser.aspx --> ftp.topone.hk /iT2ec/Admin DeletedUser.aspx
2006.12.18 01:23 B C:\myDocument\Visual Studio 2005\iT2ec\Admin\DeletedUser.aspx.vb --> ftp.topone.hk /iT2ec/Admin DeletedUser.aspx.vb
2006.12.18 01:23 B C:\myDocument\Visual Studio 2005\iT2ec\Admin\editUser.aspx --> ftp.topone.hk /iT2ec/Admin editUser.aspx
2006.12.18 01:23 B C:\myDocument\Visual Studio 2005\iT2ec\Admin\editUser.aspx.vb --> ftp.topone.hk /iT2ec/Admin editUser.aspx.vb
2006.12.18 01:23 B C:\myDocument\Visual Studio 2005\iT2ec\Admin\EditUser.sitemap --> ftp.topone.hk /iT2ec/Admin EditUser.sitemap
2006.12.18 01:23 B C:\myDocument\Visual Studio 2005\iT2ec\Admin\EditUser_AboutUs.aspx --> ftp.topone.hk /iT2ec/Admin EditUser_AboutUs.aspx
2006.12.18 01:23 B C:\myDocument\Visual Studio 2005\iT2ec\Admin\EditUser_AboutUs.aspx.vb --> ftp.topone.hk /iT2ec/Admin EditUser_AboutUs.aspx.vb
2006.12.18 01:23 B C:\myDocument\Visual Studio 2005\iT2ec\Admin\EditUser_acct.aspx --> ftp.topone.hk /iT2ec/Admin EditUser_acct.aspx
2006.12.18 01:23 B C:\myDocument\Visual Studio 2005\iT2ec\Admin\EditUser_acct.aspx.vb --> ftp.topone.hk /iT2ec/Admin EditUser_acct.aspx.vb
2006.12.18 01:23 B C:\myDocument\Visual Studio 2005\iT2ec\Admin\EditUser_acct.txt --> ftp.topone.hk /iT2ec/Admin EditUser_acct.txt
2006.12.18 01:23 B C:\myDocument\Visual Studio 2005\iT2ec\Admin\EditUser_AddExpo.aspx --> ftp.topone.hk /iT2ec/Admin EditUser_AddExpo.aspx
2006.12.18 01:23 B C:\myDocument\Visual Studio 2005\iT2ec\Admin\EditUser_AddExpo.aspx.vb --> ftp.topone.hk /iT2ec/Admin EditUser_AddExpo.aspx.vb
2006.12.18 01:23 B C:\myDocument\Visual Studio 2005\iT2ec\Admin\EditUser_AddOffer.aspx --> ftp.topone.hk /iT2ec/Admin EditUser_AddOffer.aspx
2006.12.18 01:23 B C:\myDocument\Visual Studio 2005\iT2ec\Admin\EditUser_AddOffer.aspx.vb --> ftp.topone.hk /iT2ec/Admin EditUser_AddOffer.aspx.vb
2006.12.18 01:23 B C:\myDocument\Visual Studio 2005\iT2ec\Admin\EditUser_AddProduct.aspx --> ftp.topone.hk /iT2ec/Admin EditUser_AddProduct.aspx
2006.12.18 01:23 B C:\myDocument\Visual Studio 2005\iT2ec\Admin\EditUser_AddProduct.aspx.vb --> ftp.topone.hk /iT2ec/Admin EditUser_AddProduct.aspx.vb
2006.12.18 01:23 B C:\myDocument\Visual Studio 2005\iT2ec\Admin\EditUser_Categories.aspx --> ftp.topone.hk /iT2ec/Admin EditUser_Categories.aspx
2006.12.18 01:23 B C:\myDocument\Visual Studio 2005\iT2ec\Admin\EditUser_Categories.aspx.vb --> ftp.topone.hk /iT2ec/Admin EditUser_Categories.aspx.vb
2006.12.18 01:23 B C:\myDocument\Visual Studio 2005\iT2ec\Admin\EditUser_cert.aspx --> ftp.topone.hk /iT2ec/Admin EditUser_cert.aspx
2006.12.18 01:24 B C:\myDocument\Visual Studio 2005\iT2ec\Admin\EditUser_cert.aspx.vb --> ftp.topone.hk /iT2ec/Admin EditUser_cert.aspx.vb
2006.12.18 01:24 B C:\myDocument\Visual Studio 2005\iT2ec\Admin\EditUser_ContactUs.aspx --> ftp.topone.hk /iT2ec/Admin EditUser_ContactUs.aspx
2006.12.18 01:24 B C:\myDocument\Visual Studio 2005\iT2ec\Admin\EditUser_ContactUs.aspx.vb --> ftp.topone.hk /iT2ec/Admin EditUser_ContactUs.aspx.vb
2006.12.18 01:24 B C:\myDocument\Visual Studio 2005\iT2ec\Admin\EditUser_Downloads.aspx --> ftp.topone.hk /iT2ec/Admin EditUser_Downloads.aspx
2006.12.18 01:24 B C:\myDocument\Visual Studio 2005\iT2ec\Admin\EditUser_Downloads.aspx.vb --> ftp.topone.hk /iT2ec/Admin EditUser_Downloads.aspx.vb
2006.12.18 01:24 B C:\myDocument\Visual Studio 2005\iT2ec\Admin\EditUser_EditExpo.aspx --> ftp.topone.hk /iT2ec/Admin EditUser_EditExpo.aspx
2006.12.18 01:24 B C:\myDocument\Visual Studio 2005\iT2ec\Admin\EditUser_EditExpo.aspx.vb --> ftp.topone.hk /iT2ec/Admin EditUser_EditExpo.aspx.vb
2006.12.18 01:24 B C:\myDocument\Visual Studio 2005\iT2ec\Admin\EditUser_EditOffer.aspx --> ftp.topone.hk /iT2ec/Admin EditUser_EditOffer.aspx
2006.12.18 01:24 B C:\myDocument\Visual Studio 2005\iT2ec\Admin\EditUser_EditOffer.aspx.vb --> ftp.topone.hk /iT2ec/Admin EditUser_EditOffer.aspx.vb
2006.12.18 01:24 B C:\myDocument\Visual Studio 2005\iT2ec\Admin\EditUser_EditProduct.aspx --> ftp.topone.hk /iT2ec/Admin EditUser_EditProduct.aspx
2006.12.18 01:24 B C:\myDocument\Visual Studio 2005\iT2ec\Admin\EditUser_EditProduct.aspx.vb --> ftp.topone.hk /iT2ec/Admin EditUser_EditProduct.aspx.vb
2006.12.18 01:24 B C:\myDocument\Visual Studio 2005\iT2ec\Admin\EditUser_Expos.aspx --> ftp.topone.hk /iT2ec/Admin EditUser_Expos.aspx
2006.12.18 01:24 B C:\myDocument\Visual Studio 2005\iT2ec\Admin\EditUser_Expos.aspx.vb --> ftp.topone.hk /iT2ec/Admin EditUser_Expos.aspx.vb
2006.12.18 01:24 B C:\myDocument\Visual Studio 2005\iT2ec\Admin\EditUser_factory.aspx --> ftp.topone.hk /iT2ec/Admin EditUser_factory.aspx
2006.12.18 01:24 B C:\myDocument\Visual Studio 2005\iT2ec\Admin\EditUser_factory.aspx.vb --> ftp.topone.hk /iT2ec/Admin EditUser_factory.aspx.vb
2006.12.18 01:24 B C:\myDocument\Visual Studio 2005\iT2ec\Admin\EditUser_msg.aspx --> ftp.topone.hk /iT2ec/Admin EditUser_msg.aspx
2006.12.18 01:24 B C:\myDocument\Visual Studio 2005\iT2ec\Admin\EditUser_msg.aspx.vb --> ftp.topone.hk /iT2ec/Admin EditUser_msg.aspx.vb
2006.12.18 01:24 B C:\myDocument\Visual Studio 2005\iT2ec\Admin\EditUser_msg.txt --> ftp.topone.hk /iT2ec/Admin EditUser_msg.txt
2006.12.18 01:24 B C:\myDocument\Visual Studio 2005\iT2ec\Admin\EditUser_Offers.aspx --> ftp.topone.hk /iT2ec/Admin EditUser_Offers.aspx
2006.12.18 01:24 B C:\myDocument\Visual Studio 2005\iT2ec\Admin\EditUser_Offers.aspx.vb --> ftp.topone.hk /iT2ec/Admin EditUser_Offers.aspx.vb
2006.12.18 01:24 B C:\myDocument\Visual Studio 2005\iT2ec\Admin\EditUser_Options.aspx --> ftp.topone.hk /iT2ec/Admin EditUser_Options.aspx
2006.12.18 01:24 B C:\myDocument\Visual Studio 2005\iT2ec\Admin\EditUser_Options.aspx.vb --> ftp.topone.hk /iT2ec/Admin EditUser_Options.aspx.vb
2006.12.18 01:24 B C:\myDocument\Visual Studio 2005\iT2ec\Admin\EditUser_Photos.aspx --> ftp.topone.hk /iT2ec/Admin EditUser_Photos.aspx
2006.12.18 01:24 B C:\myDocument\Visual Studio 2005\iT2ec\Admin\EditUser_Photos.aspx.vb --> ftp.topone.hk /iT2ec/Admin EditUser_Photos.aspx.vb
2006.12.18 01:24 B C:\myDocument\Visual Studio 2005\iT2ec\Admin\EditUser_Products.aspx --> ftp.topone.hk /iT2ec/Admin EditUser_Products.aspx
2006.12.18 01:24 B C:\myDocument\Visual Studio 2005\iT2ec\Admin\EditUser_Products.aspx.vb --> ftp.topone.hk /iT2ec/Admin EditUser_Products.aspx.vb
2006.12.18 01:24 B C:\myDocument\Visual Studio 2005\iT2ec\Admin\ftb.imagegallery.aspx --> ftp.topone.hk /iT2ec/Admin ftb.imagegallery.aspx
2006.12.18 01:24 B C:\myDocument\Visual Studio 2005\iT2ec\Admin\manageCategory.aspx --> ftp.topone.hk /iT2ec/Admin manageCategory.aspx
2006.12.18 01:24 B C:\myDocument\Visual Studio 2005\iT2ec\Admin\manageCategory.aspx.vb --> ftp.topone.hk /iT2ec/Admin manageCategory.aspx.vb
2006.12.18 01:24 B C:\myDocument\Visual Studio 2005\iT2ec\Admin\manageusers.aspx --> ftp.topone.hk /iT2ec/Admin manageusers.aspx
2006.12.18 01:24 B C:\myDocument\Visual Studio 2005\iT2ec\Admin\manageusers.aspx.vb --> ftp.topone.hk /iT2ec/Admin manageusers.aspx.vb
2006.12.18 01:24 B C:\myDocument\Visual Studio 2005\iT2ec\Admin\sitemaptest.aspx --> ftp.topone.hk /iT2ec/Admin sitemaptest.aspx
2006.12.18 01:24 B C:\myDocument\Visual Studio 2005\iT2ec\Admin\sitemaptest.aspx.vb --> ftp.topone.hk /iT2ec/Admin sitemaptest.aspx.vb
